<?xml version="1.0" encoding="UTF-8" ?>
<testsuite failures="0" time="1.145" errors="0" skipped="0" tests="3" name="com.a5000.platform.api.annotations.generators.jpa.v2.GenDaoMojoTest">
  <properties>
[...]
</properties>
  <testcase time="0.853" classname="com.a5000.platform.api.annotations.generators.jpa.v2.GenDaoMojoTest" name="testJpaToDto"/>
  <testcase time="0.167" classname="com.a5000.platform.api.annotations.generators.jpa.v2.GenDaoMojoTest" name="testGenDaoGoal"/>
  <testcase time="0.125" classname="com.a5000.platform.api.annotations.generators.jpa.v2.GenDaoMojoTest" name="testGenDtoGoal"/>
</testsuite>